<?xml version="1.0" encoding="UTF-8"?>
<testng-results ignored="0" total="11" passed="11" failed="0" skipped="0">
  <reporter-output>
  </reporter-output>
  <suite started-at="2022-02-05T22:21:25 IST" name="Default suite" finished-at="2022-02-05T22:21:58 IST" duration-ms="32841">
    <groups>
    </groups>
    <test started-at="2022-02-05T22:21:25 IST" name="Default test" finished-at="2022-02-05T22:21:58 IST" duration-ms="32841">
      <class name="techpro.vendora">
        <test-method is-config="true" signature="beforeClass()[pri:0, instance:techpro.vendora@5d0a1059]" started-at="2022-02-05T22:21:25 IST" name="beforeClass" finished-at="2022-02-05T22:21:28 IST" duration-ms="2155" status="PASS">
          <reporter-output>
          </reporter-output>
        </test-method> <!-- beforeClass -->
        <test-method signature="Logintest(java.lang.String,java.lang.String)[pri:0, instance:techpro.vendora@5d0a1059]" started-at="2022-02-05T22:21:29 IST" name="Logintest" data-provider="dp" finished-at="2022-02-05T22:21:32 IST" duration-ms="3356" status="PASS">
          <params>
            <param index="0">
              <value>
                <![CDATA[Juliet]]>
              </value>
            </param>
            <param index="1">
              <value>
                <![CDATA[Wrong]]>
              </value>
            </param>
          </params>
          <reporter-output>
          </reporter-output>
        </test-method> <!-- Logintest -->
        <test-method signature="Logintest(java.lang.String,java.lang.String)[pri:0, instance:techpro.vendora@5d0a1059]" started-at="2022-02-05T22:21:32 IST" name="Logintest" data-provider="dp" finished-at="2022-02-05T22:21:35 IST" duration-ms="3364" status="PASS">
          <params>
            <param index="0">
              <value>
                <![CDATA[Wrong]]>
              </value>
            </param>
            <param index="1">
              <value>
                <![CDATA[angleritech]]>
              </value>
            </param>
          </params>
          <reporter-output>
          </reporter-output>
        </test-method> <!-- Logintest -->
        <test-method signature="Logintest(java.lang.String,java.lang.String)[pri:0, instance:techpro.vendora@5d0a1059]" started-at="2022-02-05T22:21:35 IST" name="Logintest" data-provider="dp" finished-at="2022-02-05T22:21:37 IST" duration-ms="1640" status="PASS">
          <params>
            <param index="0">
              <value>
                <![CDATA[Wrong]]>
              </value>
            </param>
            <param index="1">
              <value>
                <![CDATA[Wrong]]>
              </value>
            </param>
          </params>
          <reporter-output>
          </reporter-output>
        </test-method> <!-- Logintest -->
        <test-method signature="Logintest(java.lang.String,java.lang.String)[pri:0, instance:techpro.vendora@5d0a1059]" started-at="2022-02-05T22:21:37 IST" name="Logintest" data-provider="dp" finished-at="2022-02-05T22:21:39 IST" duration-ms="2221" status="PASS">
          <params>
            <param index="0">
              <value>
                <![CDATA[Juliet]]>
              </value>
            </param>
            <param index="1">
              <value>
                <![CDATA[Empty]]>
              </value>
            </param>
          </params>
          <reporter-output>
          </reporter-output>
        </test-method> <!-- Logintest -->
        <test-method signature="Logintest(java.lang.String,java.lang.String)[pri:0, instance:techpro.vendora@5d0a1059]" started-at="2022-02-05T22:21:39 IST" name="Logintest" data-provider="dp" finished-at="2022-02-05T22:21:42 IST" duration-ms="2548" status="PASS">
          <params>
            <param index="0">
              <value>
                <![CDATA[Empty]]>
              </value>
            </param>
            <param index="1">
              <value>
                <![CDATA[angleritech]]>
              </value>
            </param>
          </params>
          <reporter-output>
          </reporter-output>
        </test-method> <!-- Logintest -->
        <test-method signature="Logintest(java.lang.String,java.lang.String)[pri:0, instance:techpro.vendora@5d0a1059]" started-at="2022-02-05T22:21:42 IST" name="Logintest" data-provider="dp" finished-at="2022-02-05T22:21:43 IST" duration-ms="1325" status="PASS">
          <params>
            <param index="0">
              <value>
                <![CDATA[Empty]]>
              </value>
            </param>
            <param index="1">
              <value>
                <![CDATA[Empty]]>
              </value>
            </param>
          </params>
          <reporter-output>
          </reporter-output>
        </test-method> <!-- Logintest -->
        <test-method signature="Logintest(java.lang.String,java.lang.String)[pri:0, instance:techpro.vendora@5d0a1059]" started-at="2022-02-05T22:21:43 IST" name="Logintest" data-provider="dp" finished-at="2022-02-05T22:21:50 IST" duration-ms="7097" status="PASS">
          <params>
            <param index="0">
              <value>
                <![CDATA[Juliet]]>
              </value>
            </param>
            <param index="1">
              <value>
                <![CDATA[angleritech]]>
              </value>
            </param>
          </params>
          <reporter-output>
          </reporter-output>
        </test-method> <!-- Logintest -->
        <test-method signature="Assertion()[pri:1, instance:techpro.vendora@5d0a1059]" started-at="2022-02-05T22:21:50 IST" name="Assertion" finished-at="2022-02-05T22:21:50 IST" duration-ms="337" status="PASS">
          <reporter-output>
          </reporter-output>
        </test-method> <!-- Assertion -->
        <test-method signature="Search()[pri:2, instance:techpro.vendora@5d0a1059]" started-at="2022-02-05T22:21:50 IST" name="Search" finished-at="2022-02-05T22:21:52 IST" duration-ms="1929" status="PASS">
          <reporter-output>
          </reporter-output>
        </test-method> <!-- Search -->
        <test-method signature="Locationwise()[pri:3, instance:techpro.vendora@5d0a1059]" started-at="2022-02-05T22:21:52 IST" name="Locationwise" finished-at="2022-02-05T22:21:54 IST" duration-ms="1278" status="PASS">
          <reporter-output>
          </reporter-output>
        </test-method> <!-- Locationwise -->
        <test-method signature="Vendorwise()[pri:4, instance:techpro.vendora@5d0a1059]" started-at="2022-02-05T22:21:54 IST" name="Vendorwise" finished-at="2022-02-05T22:21:58 IST" duration-ms="3882" status="PASS">
          <reporter-output>
          </reporter-output>
        </test-method> <!-- Vendorwise -->
        <test-method is-config="true" signature="afterClass()[pri:0, instance:techpro.vendora@5d0a1059]" started-at="2022-02-05T22:21:58 IST" name="afterClass" finished-at="2022-02-05T22:21:58 IST" duration-ms="730" status="PASS">
          <reporter-output>
          </reporter-output>
        </test-method> <!-- afterClass -->
      </class> <!-- techpro.vendora -->
    </test> <!-- Default test -->
  </suite> <!-- Default suite -->
</testng-results>
