<?xml version="1.0" encoding="UTF-8"?>
<!-- Generated by org.testng.reporters.JUnitXMLReporter -->
<testsuite ignored="0" hostname="LAPTOP-4BOLQVHO" failures="0" tests="11" name="ChromeTest" time="42.865" errors="0" timestamp="2022-01-27T19:46:57 IST">
  <testcase classname="techpro.vendora" name="Logintest" time="7.03"/>
  <testcase classname="techpro.vendora" name="Logintest" time="4.176"/>
  <testcase classname="techpro.vendora" name="Logintest" time="1.687"/>
  <testcase classname="techpro.vendora" name="Logintest" time="2.231"/>
  <testcase classname="techpro.vendora" name="Logintest" time="2.198"/>
  <testcase classname="techpro.vendora" name="Logintest" time="1.77"/>
  <testcase classname="techpro.vendora" name="Logintest" time="11.565"/>
  <testcase classname="techpro.vendora" name="Assertion" time="0.252"/>
  <testcase classname="techpro.vendora" name="Search" time="2.101"/>
  <testcase classname="techpro.vendora" name="Locationwise" time="1.248"/>
  <testcase classname="techpro.vendora" name="Vendorwise" time="5.641"/>
</testsuite> <!-- ChromeTest -->
