<?xml version="1.0" encoding="UTF-8"?>
<!-- Generated by org.testng.reporters.JUnitXMLReporter -->
<testsuite ignored="0" hostname="LAPTOP-4BOLQVHO" failures="0" tests="11" name="Test" time="34.992" errors="0" timestamp="2022-01-27T10:34:30 IST">
  <testcase classname="techpro.vendora" name="Logintest" time="5.078"/>
  <testcase classname="techpro.vendora" name="Logintest" time="2.575"/>
  <testcase classname="techpro.vendora" name="Logintest" time="2.245"/>
  <testcase classname="techpro.vendora" name="Logintest" time="2.786"/>
  <testcase classname="techpro.vendora" name="Logintest" time="2.649"/>
  <testcase classname="techpro.vendora" name="Logintest" time="1.273"/>
  <testcase classname="techpro.vendora" name="Logintest" time="8.446"/>
  <testcase classname="techpro.vendora" name="Assertion" time="0.016"/>
  <testcase classname="techpro.vendora" name="Search" time="1.086"/>
  <testcase classname="techpro.vendora" name="Locationwise" time="1.183"/>
  <testcase classname="techpro.vendora" name="Vendorwise" time="4.489"/>
</testsuite> <!-- Test -->
