<?xml version="1.0" encoding="UTF-8"?>
<!-- Generated by org.testng.reporters.JUnitXMLReporter -->
<testsuite ignored="0" hostname="LAPTOP-4BOLQVHO" failures="0" tests="11" name="Default test" time="32.841" errors="0" timestamp="2022-02-05T22:21:58 IST">
  <testcase classname="techpro.vendora" name="Logintest" time="3.356"/>
  <testcase classname="techpro.vendora" name="Logintest" time="3.364"/>
  <testcase classname="techpro.vendora" name="Logintest" time="1.64"/>
  <testcase classname="techpro.vendora" name="Logintest" time="2.221"/>
  <testcase classname="techpro.vendora" name="Logintest" time="2.548"/>
  <testcase classname="techpro.vendora" name="Logintest" time="1.325"/>
  <testcase classname="techpro.vendora" name="Logintest" time="7.097"/>
  <testcase classname="techpro.vendora" name="Assertion" time="0.337"/>
  <testcase classname="techpro.vendora" name="Search" time="1.929"/>
  <testcase classname="techpro.vendora" name="Locationwise" time="1.278"/>
  <testcase classname="techpro.vendora" name="Vendorwise" time="3.882"/>
</testsuite> <!-- Default test -->
